<?xml version="1.0" encoding="UTF-8"?>
<!-- Generated by org.testng.reporters.JUnitXMLReporter -->
<testsuite hostname="DESKTOP-89OTHQ5" ignored="0" name="Test" tests="6" failures="2" timestamp="27 Aug 2020 03:26:17 GMT" time="50.453" errors="0">
  <testcase name="test01" time="31.194" classname="com.tests.LoginTest"/>
  <testcase name="test02" time="0.021" classname="com.tests.LoginTest">
    <failure type="java.lang.AssertionError" message="expected [true] but found [false]">
      <![CDATA[java.lang.AssertionError: expected [true] but found [false]
at com.tests.LoginTest.test02(LoginTest.java:30)
... Removed 29 stack frames]]>
    </failure>
  </testcase> <!-- test02 -->
  <testcase name="test03" time="0.009" classname="com.tests.LoginTest">
    <skipped/>
  </testcase> <!-- test03 -->
  <testcase name="test01" time="19.01" classname="com.tests.HomeTest"/>
  <testcase name="test02" time="0.012" classname="com.tests.HomeTest">
    <failure type="java.lang.AssertionError" message="expected [true] but found [false]">
      <![CDATA[java.lang.AssertionError: expected [true] but found [false]
at com.tests.HomeTest.test02(HomeTest.java:25)
... Removed 29 stack frames]]>
    </failure>
  </testcase> <!-- test02 -->
  <testcase name="test03" time="0.005" classname="com.tests.HomeTest">
    <skipped/>
  </testcase> <!-- test03 -->
</testsuite> <!-- Test -->
